Arguments: 
  /usr/local/Cellar/node/11.10.1/bin/node /usr/local/bin/yarn start

PATH: 
  /usr/local/bin:/usr/bin:/bin:/usr/sbin:/sbin:/Users/akhtar/Library/Mobile/bin:/usr/local/opt/go/libexec/bin:/Users/akhtar/Library/Mobile/bin:/usr/local/opt/go/libexec/bin

Yarn version: 
  1.5.1

Node version: 
  11.10.1

Platform: 
  darwin x64

npm manifest: 
  No manifest

yarn manifest: 
  No manifest

Lockfile: 
  No lockfile

Trace: 
  Error: Couldn't find a package.json file in "/Users/akhtar/Library/Mobile Documents/com~apple~CloudDocs/Desktop/code/redux-example"
      at new MessageError (/usr/local/lib/node_modules/yarn/lib/cli.js:186:110)
      at /usr/local/lib/node_modules/yarn/lib/cli.js:40048:15
      at Generator.next (<anonymous>)
      at step (/usr/local/lib/node_modules/yarn/lib/cli.js:98:30)
      at /usr/local/lib/node_modules/yarn/lib/cli.js:109:13
